<?xml version="1.0" encoding="UTF-8"?>
<!-- Generated by org.testng.reporters.JUnitReportReporter -->
<testsuite hostname="DESKTOP-F5MTO4C" failures="0" tests="1" name="Test.BeemaPackTest" time="268.811" errors="0" timestamp="2025-05-03T20:33:41 NPT" skipped="0">
  <testcase classname="Test.BeemaPackTest" name="testbeemapackcalling" time="268.811"/>
  <system-out/>
</testsuite> <!-- Test.BeemaPackTest -->
