<?xml version="1.0" encoding="UTF-8"?>
<!-- Generated by org.testng.reporters.JUnitReportReporter -->
<testsuite hostname="DESKTOP-F5MTO4C" failures="0" tests="1" name="Test.HistoryandFavouriteTest" time="89.098" errors="0" timestamp="2025-04-21T11:31:37 NPT" skipped="0">
  <testcase classname="Test.HistoryandFavouriteTest" name="HistoryandFavouriteTest" time="89.098"/>
  <system-out/>
</testsuite> <!-- Test.HistoryandFavouriteTest -->
