<?xml version="1.0" encoding="UTF-8"?>
<!-- Generated by org.testng.reporters.JUnitReportReporter -->
<testsuite hostname="DESKTOP-F5MTO4C" failures="0" tests="3" name="Test.PartnerServiceTest" time="480.262" errors="0" timestamp="2025-04-29T16:32:10 NPT" skipped="0">
  <testcase classname="Test.PartnerServiceTest" name="openHungamaTest" time="425.099"/>
  <system-out/>
  <testcase classname="Test.PartnerServiceTest" name="openUnlimitedContentsTest" time="18.449"/>
  <system-out/>
  <testcase classname="Test.PartnerServiceTest" name="openMeroSchoolTest" time="36.714"/>
  <system-out/>
</testsuite> <!-- Test.PartnerServiceTest -->
