<?xml version="1.0" encoding="UTF-8"?>
<!-- Generated by org.testng.reporters.JUnitReportReporter -->
<testsuite hostname="DESKTOP-F5MTO4C" failures="0" tests="1" name="Test.RoamingTest" time="309.322" errors="0" timestamp="2025-05-04T21:01:51 NPT" skipped="0">
  <testcase classname="Test.RoamingTest" name="testActivate30DayRenewal" time="309.322"/>
  <system-out/>
</testsuite> <!-- Test.RoamingTest -->
