<?xml version="1.0" encoding="UTF-8"?>
<!-- Generated by org.testng.reporters.JUnitReportReporter -->
<testsuite hostname="DESKTOP-F5MTO4C" failures="0" tests="1" name="Test.RechargeTest" time="57.344" errors="0" timestamp="2025-05-07T10:36:54 NPT" skipped="0">
  <testcase classname="Test.RechargeTest" name="rechargeTest" time="57.344"/>
  <system-out/>
</testsuite> <!-- Test.RechargeTest -->
