<?xml version="1.0" encoding="UTF-8"?>
<!-- Generated by org.testng.reporters.JUnitReportReporter -->
<testsuite hostname="DESKTOP-F5MTO4C" failures="0" tests="2" name="App.AppTest" time="54.018" errors="0" timestamp="2025-04-16T17:27:17 NPT" skipped="0">
  <testcase classname="App.AppTest" name="DashboardTest" time="40.837"/>
  <testcase classname="App.AppTest" name="Searchbox" time="13.181"/>
</testsuite> <!-- App.AppTest -->
