<?xml version="1.0" encoding="UTF-8"?>
<!-- Generated by org.testng.reporters.JUnitReportReporter -->
<testsuite hostname="DESKTOP-F5MTO4C" failures="0" tests="1" name="Test.RechargeTest" time="33.247" errors="0" timestamp="2025-05-31T18:59:30 NPT" skipped="0">
  <testcase classname="Test.RechargeTest" name="rechargeTest" time="33.247"/>
  <system-out/>
</testsuite> <!-- Test.RechargeTest -->
