<?xml version="1.0" encoding="UTF-8"?>
<!-- Generated by org.testng.reporters.JUnitReportReporter -->
<testsuite hostname="DESKTOP-F5MTO4C" failures="0" tests="1" name="Test.NcellPurpleLeagueTest" time="172.283" errors="0" timestamp="2025-04-29T11:20:06 NPT" skipped="0">
  <testcase classname="Test.NcellPurpleLeagueTest" name="openNcellPurpleLeague" time="172.283"/>
  <system-out/>
</testsuite> <!-- Test.NcellPurpleLeagueTest -->
