<?xml version="1.0" encoding="UTF-8"?>
<!-- Generated by org.testng.reporters.JUnitReportReporter -->
<testsuite hostname="DESKTOP-F5MTO4C" failures="0" tests="1" name="Test.BestOfferTest" time="110.231" errors="0" timestamp="2025-06-02T02:47:51 NPT" skipped="0">
  <testcase classname="Test.BestOfferTest" name="BestOfferTest" time="110.231"/>
  <system-out/>
</testsuite> <!-- Test.BestOfferTest -->
