<?xml version="1.0" encoding="UTF-8"?>
<!-- Generated by org.testng.reporters.JUnitReportReporter -->
<testsuite hostname="DESKTOP-F5MTO4C" failures="0" tests="1" name="Test.WificallingTest" time="143.922" errors="0" timestamp="2025-05-03T16:06:51 NPT" skipped="0">
  <testcase classname="Test.WificallingTest" name="testhwificalling" time="143.922"/>
  <system-out/>
</testsuite> <!-- Test.WificallingTest -->
