<?xml version="1.0" encoding="UTF-8"?>
<!-- Generated by org.testng.reporters.JUnitReportReporter -->
<testsuite hostname="DESKTOP-F5MTO4C" failures="0" tests="7" name="Test.buyvoicepackTest" time="355.931" errors="0" timestamp="2025-05-04T23:11:12 NPT" skipped="0">
  <testcase classname="Test.buyvoicepackTest" name="testAllProduct" time="163.221"/>
  <system-out/>
  <testcase classname="Test.buyvoicepackTest" name="testSpecialOffer" time="34.675"/>
  <system-out/>
  <testcase classname="Test.buyvoicepackTest" name="testHourlyOneDay" time="33.268"/>
  <system-out/>
  <testcase classname="Test.buyvoicepackTest" name="testThreeToSevenDay" time="29.172"/>
  <system-out/>
  <testcase classname="Test.buyvoicepackTest" name="testTwentyEightDays" time="37.193"/>
  <system-out/>
  <testcase classname="Test.buyvoicepackTest" name="testEightyFourDays" time="28.108"/>
  <system-out/>
  <testcase classname="Test.buyvoicepackTest" name="testIndiaIldDays" time="30.294"/>
  <system-out/>
</testsuite> <!-- Test.buyvoicepackTest -->
