<?xml version="1.0" encoding="UTF-8"?>
<!-- Generated by org.testng.reporters.JUnitReportReporter -->
<testsuite hostname="DESKTOP-F5MTO4C" failures="0" tests="1" name="Test.RechargeforOtherTest" time="153.030" errors="0" timestamp="2025-05-03T21:56:18 NPT" skipped="0">
  <testcase classname="Test.RechargeforOtherTest" name="testrecharge" time="153.030"/>
  <system-out/>
</testsuite> <!-- Test.RechargeforOtherTest -->
