<?xml version="1.0" encoding="UTF-8"?>
<!-- Generated by org.testng.reporters.JUnitReportReporter -->
<testsuite hostname="DESKTOP-F5MTO4C" failures="0" tests="1" name="Test.HDVoiceTest" time="174.925" errors="0" timestamp="2025-05-03T15:29:15 NPT" skipped="0">
  <testcase classname="Test.HDVoiceTest" name="testhdvoiceDirectly" time="174.925"/>
  <system-out/>
</testsuite> <!-- Test.HDVoiceTest -->
