<?xml version="1.0" encoding="UTF-8"?>
<!-- Generated by org.testng.reporters.JUnitReportReporter -->
<testsuite hostname="DESKTOP-F5MTO4C" failures="0" tests="1" name="Test.SearchBoxTest" time="53.750" errors="0" timestamp="2025-05-07T10:46:01 NPT" skipped="0">
  <testcase classname="Test.SearchBoxTest" name="searchBoxTest" time="53.750"/>
  <system-out/>
</testsuite> <!-- Test.SearchBoxTest -->
