<?xml version="1.0" encoding="UTF-8"?>
<!-- Generated by org.testng.reporters.JUnitReportReporter -->
<testsuite hostname="DESKTOP-F5MTO4C" failures="0" tests="1" name="Test.DoubleDataOfferTest" time="179.803" errors="0" timestamp="2025-04-30T17:10:34 NPT" skipped="0">
  <testcase classname="Test.DoubleDataOfferTest" name="testActivate30DayRenewal" time="179.803"/>
  <system-out/>
</testsuite> <!-- Test.DoubleDataOfferTest -->
