<?xml version="1.0" encoding="UTF-8"?>
<!-- Generated by org.testng.reporters.JUnitReportReporter -->
<testsuite hostname="DESKTOP-F5MTO4C" failures="0" tests="1" name="Test.AppOnlyOfferTest" time="192.935" errors="0" timestamp="2025-05-06T12:20:18 NPT" skipped="0">
  <testcase classname="Test.AppOnlyOfferTest" name="AppOnlyOffer" time="192.935"/>
  <system-out/>
</testsuite> <!-- Test.AppOnlyOfferTest -->
