<?xml version="1.0" encoding="UTF-8"?>
<!-- Generated by org.testng.reporters.JUnitReportReporter -->
<testsuite hostname="DESKTOP-F5MTO4C" failures="0" tests="4" name="Test.MyNcellServiceTest" time="306.012" errors="0" timestamp="2025-05-06T10:07:46 NPT" skipped="0">
  <testcase classname="Test.MyNcellServiceTest" name="testPinPukQuery" time="228.259"/>
  <system-out/>
  <testcase classname="Test.MyNcellServiceTest" name="testEmergencyServices" time="41.682"/>
  <system-out/>
  <testcase classname="Test.MyNcellServiceTest" name="testTollFreeNumbers" time="9.260"/>
  <system-out/>
  <testcase classname="Test.MyNcellServiceTest" name="testEsim" time="26.811"/>
  <system-out/>
</testsuite> <!-- Test.MyNcellServiceTest -->
