<?xml version="1.0" encoding="UTF-8"?>
<!-- Generated by org.testng.reporters.JUnitReportReporter -->
<testsuite hostname="DESKTOP-F5MTO4C" failures="0" tests="1" name="Test.creditmeTest" time="133.887" errors="0" timestamp="2025-05-04T16:48:18 NPT" skipped="0">
  <testcase classname="Test.creditmeTest" name="test" time="133.887"/>
  <system-out/>
</testsuite> <!-- Test.creditmeTest -->
