<?xml version="1.0" encoding="UTF-8"?>
<!-- Generated by org.testng.reporters.JUnitReportReporter -->
<testsuite hostname="DESKTOP-F5MTO4C" failures="0" tests="1" name="Test.GiftaPackTest" time="146.104" errors="0" timestamp="2025-05-04T14:57:33 NPT" skipped="0">
  <testcase classname="Test.GiftaPackTest" name="test" time="146.104"/>
  <system-out/>
</testsuite> <!-- Test.GiftaPackTest -->
