<?xml version="1.0" encoding="UTF-8"?>
<!-- Generated by org.testng.reporters.JUnitReportReporter -->
<testsuite hostname="DESKTOP-F5MTO4C" failures="0" tests="8" name="Test.BuyDataPackTest" time="419.303" errors="0" timestamp="2025-05-08T15:03:21 NPT" skipped="0">
  <testcase classname="Test.BuyDataPackTest" name="testRenewalPack" time="175.093"/>
  <system-out/>
  <testcase classname="Test.BuyDataPackTest" name="testDoubleData" time="41.129"/>
  <system-out/>
  <testcase classname="Test.BuyDataPackTest" name="testTopSellers" time="33.729"/>
  <system-out/>
  <testcase classname="Test.BuyDataPackTest" name="sidhaon" time="34.921"/>
  <system-out/>
  <testcase classname="Test.BuyDataPackTest" name="onethreedays" time="27.856"/>
  <system-out/>
  <testcase classname="Test.BuyDataPackTest" name="testSevenDay" time="27.229"/>
  <system-out/>
  <testcase classname="Test.BuyDataPackTest" name="testTwentyEightDays" time="52.158"/>
  <system-out/>
  <testcase classname="Test.BuyDataPackTest" name="testEightyFourDays" time="27.188"/>
  <system-out/>
</testsuite> <!-- Test.BuyDataPackTest -->
