<?xml version="1.0" encoding="UTF-8"?>
<!-- Generated by org.testng.reporters.JUnitReportReporter -->
<testsuite hostname="DESKTOP-F5MTO4C" failures="0" tests="7" name="Test.UtilityTest" time="404.892" errors="0" timestamp="2025-05-05T16:07:17 NPT" skipped="0">
  <testcase classname="Test.UtilityTest" name="openNepaliNewsTest" time="123.848"/>
  <system-out/>
  <testcase classname="Test.UtilityTest" name="openHoroscopeTest" time="101.866"/>
  <system-out/>
  <testcase classname="Test.UtilityTest" name="openGoldSilverPriceTest" time="25.090"/>
  <system-out/>
  <testcase classname="Test.UtilityTest" name="openShareMarketLiveTest" time="37.553"/>
  <system-out/>
  <testcase classname="Test.UtilityTest" name="openEplLiveScoreTest" time="49.018"/>
  <system-out/>
  <testcase classname="Test.UtilityTest" name="openWeatherTest" time="39.053"/>
  <system-out/>
  <testcase classname="Test.UtilityTest" name="openExchangeRateTest" time="28.464"/>
  <system-out/>
</testsuite> <!-- Test.UtilityTest -->
