<?xml version="1.0" encoding="UTF-8"?>
<!-- Generated by org.testng.reporters.JUnitReportReporter -->
<testsuite hostname="DESKTOP-F5MTO4C" failures="0" tests="1" name="Test.ResourceExchangeTest" time="191.334" errors="0" timestamp="2025-05-04T19:32:11 NPT" skipped="0">
  <testcase classname="Test.ResourceExchangeTest" name="test" time="191.334"/>
  <system-out/>
</testsuite> <!-- Test.ResourceExchangeTest -->
