<?xml version="1.0" encoding="UTF-8"?>
<!-- Generated by org.testng.reporters.JUnitReportReporter -->
<testsuite hostname="DESKTOP-F5MTO4C" failures="0" tests="1" name="Test.TakeSaapatiTest" time="124.969" errors="0" timestamp="2025-05-03T17:51:40 NPT" skipped="0">
  <testcase classname="Test.TakeSaapatiTest" name="testhwificalling" time="124.969"/>
  <system-out/>
</testsuite> <!-- Test.TakeSaapatiTest -->
