<?xml version="1.0" encoding="UTF-8"?>
<!-- Generated by org.testng.reporters.JUnitReportReporter -->
<testsuite hostname="DESKTOP-F5MTO4C" failures="0" tests="1" name="Test.freesmsTest" time="145.163" errors="0" timestamp="2025-05-04T17:32:08 NPT" skipped="0">
  <testcase classname="Test.freesmsTest" name="test" time="145.163"/>
  <system-out/>
</testsuite> <!-- Test.freesmsTest -->
