<?xml version="1.0" encoding="UTF-8"?>
<!-- Generated by org.testng.reporters.JUnitReportReporter -->
<testsuite hostname="DESKTOP-F5MTO4C" failures="0" tests="1" name="Test.BestOfferTest" time="163.717" errors="0" timestamp="2025-05-03T15:34:08 NPT" skipped="0">
  <testcase classname="Test.BestOfferTest" name="testBuyPackDirectly" time="163.717"/>
  <system-out/>
</testsuite> <!-- Test.BestOfferTest -->
