<?xml version="1.0" encoding="UTF-8"?>
<!-- Generated by org.testng.reporters.JUnitReportReporter -->
<testsuite hostname="DESKTOP-F5MTO4C" failures="0" tests="1" name="Test.RecommendedRenewelPackTest" time="68.283" errors="0" timestamp="2025-04-23T10:06:25 NPT" skipped="0">
  <testcase classname="Test.RecommendedRenewelPackTest" name="recommendedRenewalPackTest" time="68.283"/>
  <system-out/>
</testsuite> <!-- Test.RecommendedRenewelPackTest -->
